Build started 05/11/2015 19:45:13.
     1>Project "D:\Users\David\Documents\GitHub\Physics\Physics3D_class1 - handout\3D Physics.vcxproj" on node 2 (Build target(s)).
     1>ClCompile:
         D:\Program Files (x86)\Microsoft Visual Studio 12.0\VC\bin\CL.exe /c /ZI /nologo /W3 /WX- /sdl- /Od /Oy- /D _MBCS /Gm /RTC1 /MDd /GS /fp:precise /Zc:wchar_t /Zc:forScope /Fo"Debug\\" /Fd"Debug\vc120.pdb" /Gd /TP /analyze- /errorReport:prompt Application.cpp Color.cpp glmath.cpp Light.cpp log.cpp Main.cpp ModuleAudio.cpp ModuleCamera3D.cpp ModuleInput.cpp ModuleRenderer3D.cpp ModuleSceneIntro.cpp ModuleWindow.cpp Primitive.cpp Timer.cpp
         Timer.cpp
         Primitive.cpp
         ModuleWindow.cpp
         ModuleSceneIntro.cpp
         ModuleRenderer3D.cpp
         ModuleInput.cpp
         ModuleCamera3D.cpp
         ModuleAudio.cpp
         Main.cpp
         log.cpp
         Light.cpp
         glmath.cpp
         Color.cpp
         Application.cpp
         Generating Code...
       Link:
         D:\Program Files (x86)\Microsoft Visual Studio 12.0\VC\bin\link.exe /ERRORREPORT:PROMPT /OUT:"D:\Users\David\Documents\GitHub\Physics\Physics3D_class1 - handout\Debug\3D Physics - class1.exe" /INCREMENTAL /NOLOGO kernel32.lib user32.lib gdi32.lib winspool.lib comdlg32.lib advapi32.lib shell32.lib ole32.lib oleaut32.lib uuid.lib odbc32.lib odbccp32.lib /MANIFEST /MANIFESTUAC:"level='asInvoker' uiAccess='false'" /manifest:embed /DEBUG /PDB:"D:\Users\David\Documents\GitHub\Physics\Physics3D_class1 - handout\Debug\3D Physics - class1.pdb" /SUBSYSTEM:WINDOWS /TLBID:1 /DYNAMICBASE /NXCOMPAT /IMPLIB:"D:\Users\David\Documents\GitHub\Physics\Physics3D_class1 - handout\Debug\3D Physics - class1.lib" /MACHINE:X86 /SAFESEH:NO Debug\Application.obj
         Debug\Color.obj
         Debug\glmath.obj
         Debug\Light.obj
         Debug\log.obj
         Debug\Main.obj
         Debug\ModuleAudio.obj
         Debug\ModuleCamera3D.obj
         Debug\ModuleInput.obj
         Debug\ModuleRenderer3D.obj
         Debug\ModuleSceneIntro.obj
         Debug\ModuleWindow.obj
         Debug\Primitive.obj
         Debug\Timer.obj
     1>MSVCRTD.lib(cinitexe.obj) : warning LNK4098: defaultlib 'msvcrt.lib' conflicts with use of other libs; use /NODEFAULTLIB:library
         3D Physics.vcxproj -> D:\Users\David\Documents\GitHub\Physics\Physics3D_class1 - handout\Debug\3D Physics - class1.exe
     1>Done Building Project "D:\Users\David\Documents\GitHub\Physics\Physics3D_class1 - handout\3D Physics.vcxproj" (Build target(s)).

Build succeeded.

Time Elapsed 00:00:07.21
