d:\users\davidrc17\documents\github\physics\physics3d_class4 - handout\debug\vc120.pdb
d:\users\davidrc17\documents\github\physics\physics3d_class4 - handout\debug\vc120.idb
d:\users\davidrc17\documents\github\physics\physics3d_class4 - handout\debug\application.obj
d:\users\davidrc17\documents\github\physics\physics3d_class4 - handout\debug\color.obj
d:\users\davidrc17\documents\github\physics\physics3d_class4 - handout\debug\glmath.obj
d:\users\davidrc17\documents\github\physics\physics3d_class4 - handout\debug\light.obj
d:\users\davidrc17\documents\github\physics\physics3d_class4 - handout\debug\log.obj
d:\users\davidrc17\documents\github\physics\physics3d_class4 - handout\debug\main.obj
d:\users\davidrc17\documents\github\physics\physics3d_class4 - handout\debug\moduleaudio.obj
d:\users\davidrc17\documents\github\physics\physics3d_class4 - handout\debug\modulecamera3d.obj
d:\users\davidrc17\documents\github\physics\physics3d_class4 - handout\debug\moduleinput.obj
d:\users\davidrc17\documents\github\physics\physics3d_class4 - handout\debug\modulerenderer3d.obj
d:\users\davidrc17\documents\github\physics\physics3d_class4 - handout\debug\modulesceneintro.obj
d:\users\davidrc17\documents\github\physics\physics3d_class4 - handout\debug\modulewindow.obj
d:\users\davidrc17\documents\github\physics\physics3d_class4 - handout\debug\physbody3d.obj
d:\users\davidrc17\documents\github\physics\physics3d_class4 - handout\debug\primitive.obj
d:\users\davidrc17\documents\github\physics\physics3d_class4 - handout\debug\timer.obj
d:\users\davidrc17\documents\github\physics\physics3d_class4 - handout\debug\3d physi.746cc4c3.tlog\cl.command.1.tlog
d:\users\davidrc17\documents\github\physics\physics3d_class4 - handout\debug\3d physi.746cc4c3.tlog\cl.read.1.tlog
d:\users\davidrc17\documents\github\physics\physics3d_class4 - handout\debug\3d physi.746cc4c3.tlog\cl.write.1.tlog
