Compilación iniciada a las 25/11/2015 11:36:47.
     1>Proyecto "D:\Users\davidrc17\Documents\GitHub\Physics\Physics3D_class4 - handout\3D Physics.vcxproj" en el nodo 2 (Build destinos).
     1>ClCompile:
         C:\soft\Microsoft Visual Studio 12.0\VC\bin\CL.exe /c /ZI /nologo /W3 /WX- /sdl- /Od /Oy- /D _MBCS /Gm /RTC1 /MDd /GS /fp:precise /Zc:wchar_t /Zc:forScope /Fo"Debug\\" /Fd"Debug\vc120.pdb" /Gd /TP /analyze- /errorReport:prompt ModuleSceneIntro.cpp
         ModuleSceneIntro.cpp
       Link:
         C:\soft\Microsoft Visual Studio 12.0\VC\bin\link.exe /ERRORREPORT:PROMPT /OUT:"D:\Users\davidrc17\Documents\GitHub\Physics\Physics3D_class4 - handout\Debug\3D Physics - class4.exe" /INCREMENTAL /NOLOGO kernel32.lib user32.lib gdi32.lib winspool.lib comdlg32.lib advapi32.lib shell32.lib ole32.lib oleaut32.lib uuid.lib odbc32.lib odbccp32.lib /MANIFEST /MANIFESTUAC:"level='asInvoker' uiAccess='false'" /manifest:embed /DEBUG /PDB:"D:\Users\davidrc17\Documents\GitHub\Physics\Physics3D_class4 - handout\Debug\3D Physics - class4.pdb" /SUBSYSTEM:WINDOWS /TLBID:1 /DYNAMICBASE /NXCOMPAT /IMPLIB:"D:\Users\davidrc17\Documents\GitHub\Physics\Physics3D_class4 - handout\Debug\3D Physics - class4.lib" /MACHINE:X86 /SAFESEH:NO Debug\Application.obj
         Debug\Color.obj
         Debug\glmath.obj
         Debug\Light.obj
         Debug\log.obj
         Debug\Main.obj
         Debug\ModuleAudio.obj
         Debug\ModuleCamera3D.obj
         Debug\ModuleInput.obj
         Debug\ModulePhysics3D.obj
         Debug\ModuleRenderer3D.obj
         Debug\ModuleSceneIntro.obj
         Debug\ModuleWindow.obj
         Debug\PhysBody3D.obj
         Debug\Primitive.obj
         Debug\Timer.obj
         3D Physics.vcxproj -> D:\Users\davidrc17\Documents\GitHub\Physics\Physics3D_class4 - handout\Debug\3D Physics - class4.exe
     1>Compilación del proyecto terminada "D:\Users\davidrc17\Documents\GitHub\Physics\Physics3D_class4 - handout\3D Physics.vcxproj" (Build destinos).

Compilación correcta.

Tiempo transcurrido 00:00:01.18
